\BOOKMARK [1][-]{section*.1}{\376\377\000I\000N\000T\000R\000O\000D\000U\000C\000T\000I\000O\000N}{}% 1
\BOOKMARK [2][-]{section*.2}{\376\377\000O\000b\000j\000e\000c\000t\000i\000v\000e\000s}{section*.1}% 2
\BOOKMARK [1][-]{section*.3}{\376\377\000M\000E\000T\000H\000O\000D\000S}{}% 3
\BOOKMARK [2][-]{section*.4}{\376\377\000P\000r\000a\000c\000t\000i\000c\000a\000l\000\040\0004\000:\000\040\000A\000s\000s\000e\000m\000b\000l\000y\000\040\000o\000f\000\040\000a\000\040\000b\000a\000c\000t\000e\000r\000i\000a\000l\000\040\000g\000e\000n\000o\000m\000e}{section*.3}% 4
\BOOKMARK [3][-]{section*.5}{\376\377\0001\000.\000\040\000R\000e\000a\000d\000\040\000Q\000u\000a\000l\000i\000t\000y\000\040\000C\000o\000n\000t\000r\000o\000l}{section*.4}% 5
\BOOKMARK [3][-]{section*.6}{\376\377\0002\000.\000\040\000T\000r\000i\000m\000m\000i\000n\000g}{section*.4}% 6
\BOOKMARK [3][-]{section*.7}{\376\377\0003\000.\000\040\000R\000e\000a\000d\000\040\000Q\000u\000a\000l\000i\000t\000y\000\040\000C\000o\000n\000t\000r\000o\000l}{section*.4}% 7
\BOOKMARK [3][-]{section*.8}{\376\377\0004\000.\000\040\000A\000s\000s\000e\000m\000b\000l\000e\000\040\000R\000e\000a\000d\000\040\000a\000n\000d\000\040\000b\000i\000n\000n\000i\000n\000g}{section*.4}% 8
\BOOKMARK [3][-]{section*.9}{\376\377\0005\000.\000\040\000B\000i\000n\000\040\000q\000u\000a\000l\000i\000t\000y\000\040\000c\000o\000n\000t\000r\000o\000l}{section*.4}% 9
\BOOKMARK [2][-]{section*.10}{\376\377\000P\000r\000a\000c\000t\000i\000c\000a\000l\000\040\0005\000:\000\040\000B\000a\000c\000t\000e\000r\000i\000a\000l\000\040\000g\000e\000n\000o\000m\000e\000\040\000i\000d\000e\000n\000t\000i\000f\000i\000c\000a\000t\000i\000o\000n}{section*.3}% 10
\BOOKMARK [3][-]{section*.11}{\376\377\0001\000.\000\040\000G\000e\000n\000o\000m\000e\000\040\000a\000n\000n\000o\000t\000a\000t\000i\000o\000n}{section*.10}% 11
\BOOKMARK [3][-]{section*.12}{\376\377\0002\000.\000\040\000G\000e\000n\000o\000m\000e\000\040\000s\000e\000t\000\040\000a\000n\000d\000\040\000m\000i\000c\000r\000o\000b\000e\000\040\000c\000l\000a\000s\000s\000i\000f\000i\000c\000a\000t\000i\000o\000n}{section*.10}% 12
\BOOKMARK [3][-]{section*.13}{\376\377\0003\000.\000\040\000G\000T\000D\000B\000:\000\040\000g\000e\000n\000o\000m\000e\000\040\000t\000a\000x\000o\000n\000o\000m\000y\000\040\000d\000a\000t\000a\000\040\000b\000a\000s\000e}{section*.10}% 13
\BOOKMARK [3][-]{section*.14}{\376\377\0004\000.\000\040\000A\000N\000I\000\040\000c\000o\000m\000p\000u\000t\000a\000t\000i\000o\000n}{section*.10}% 14
\BOOKMARK [2][-]{section*.15}{\376\377\000P\000r\000a\000c\000t\000i\000c\000a\000l\000\040\0006\000:\000\040\000G\000e\000n\000o\000m\000e\000\040\000a\000n\000n\000o\000t\000a\000t\000i\000o\000n\000\040\000I}{section*.3}% 15
\BOOKMARK [3][-]{section*.16}{\376\377\0001\000.\000\040\000R\000e\000f\000e\000r\000e\000n\000c\000e\000\040\000g\000e\000n\000o\000m\000e\000\040\000a\000n\000n\000o\000t\000a\000t\000i\000o\000n}{section*.15}% 16
\BOOKMARK [3][-]{section*.17}{\376\377\0002\000.\000\040\000D\000a\000t\000a\000\040\000e\000x\000p\000l\000o\000r\000a\000t\000i\000o\000n\000\040\000a\000n\000d\000\040\000f\000u\000n\000c\000t\000i\000o\000n\000a\000l\000\040\000c\000a\000t\000e\000g\000o\000r\000i\000e\000s}{section*.15}% 17
\BOOKMARK [2][-]{section*.18}{\376\377\000P\000r\000a\000c\000t\000i\000c\000a\000l\000\040\0007\000:\000\040\000G\000e\000n\000o\000m\000e\000\040\000a\000n\000n\000o\000t\000a\000t\000i\000o\000n\000\040\000I\000I}{section*.3}% 18
\BOOKMARK [3][-]{section*.19}{\376\377\0001\000.\000\040\000M\000u\000l\000t\000i\000p\000l\000e\000\040\000s\000e\000q\000u\000e\000n\000c\000e\000\040\000a\000l\000i\000g\000n\000m\000e\000n\000t}{section*.18}% 19
\BOOKMARK [3][-]{section*.20}{\376\377\0002\000.\000\040\000P\000a\000i\000r\000w\000i\000s\000e\000\040\000s\000e\000q\000u\000e\000n\000c\000e\000\040\000a\000l\000i\000g\000n\000m\000e\000n\000t}{section*.18}% 20
\BOOKMARK [2][-]{section*.21}{\376\377\000P\000r\000a\000c\000t\000i\000c\000a\000l\000\040\0008\000:\000\040\000B\000u\000i\000l\000d\000i\000n\000g\000\040\000a\000\040\000p\000h\000y\000l\000o\000g\000e\000n\000e\000t\000i\000c\000\040\000t\000r\000e\000e}{section*.3}% 21
\BOOKMARK [3][-]{section*.22}{\376\377\0001\000.\000\040\000H\000o\000m\000o\000l\000o\000g\000y\000\040\000s\000e\000a\000r\000c\000h}{section*.21}% 22
\BOOKMARK [3][-]{section*.23}{\376\377\0002\000.\000\040\000A\000l\000i\000g\000n\000m\000e\000n\000t\000\040\000a\000n\000d\000\040\000t\000r\000i\000m\000m\000i\000n\000g}{section*.21}% 23
\BOOKMARK [3][-]{section*.24}{\376\377\0003\000.\000\040\000T\000r\000e\000e\000\040\000i\000n\000f\000e\000r\000e\000n\000c\000e\000\040\000a\000n\000d\000\040\000v\000i\000s\000u\000a\000l\000i\000s\000a\000t\000i\000o\000n}{section*.21}% 24
\BOOKMARK [1][-]{section*.25}{\376\377\000R\000E\000S\000U\000L\000T\000S\000\040\000A\000N\000D\000\040\000D\000I\000S\000C\000U\000S\000S\000I\000O\000N}{}% 25
\BOOKMARK [2][-]{section*.26}{\376\377\000P\000r\000a\000c\000t\000i\000c\000a\000l\000\040\0004}{section*.25}% 26
\BOOKMARK [2][-]{section*.30}{\376\377\000P\000r\000a\000c\000t\000i\000c\000a\000l\000\040\0005}{section*.25}% 27
\BOOKMARK [2][-]{section*.35}{\376\377\000P\000r\000a\000c\000t\000i\000c\000a\000l\000\040\0006}{section*.25}% 28
\BOOKMARK [2][-]{section*.38}{\376\377\000P\000r\000a\000c\000t\000i\000c\000a\000l\000\040\0007}{section*.25}% 29
\BOOKMARK [2][-]{section*.41}{\376\377\000P\000r\000a\000c\000t\000i\000c\000a\000l\000\040\0008}{section*.25}% 30
\BOOKMARK [1][-]{section*.44}{\376\377\000C\000O\000N\000C\000L\000U\000S\000I\000O\000N\000S}{}% 31
\BOOKMARK [1][-]{section*.45}{\376\377\000R\000E\000F\000E\000R\000E\000N\000C\000E\000S}{}% 32
\BOOKMARK [1][-]{section*.46}{\376\377\000S\000U\000P\000P\000L\000E\000M\000E\000N\000T\000A\000R\000Y\000\040\000I\000N\000F\000O}{}% 33
